[{"line":1,"elements":[{"line":3,"name":"","description":"","type":"background","keyword":"Background","steps":[{"result":{"duration":7611033400,"status":"passed"},"line":4,"name":"User Navigates to Required Url","match":{"location":"com.stepdefinition.LoginSteps.navigatesToUrl()"},"after":[{"result":{"duration":2998300,"status":"passed"},"match":{"location":"com.stepdefinition.Hooks.captureScreenshot(io.cucumber.java.Scenario)"}}],"keyword":"Given "}]},{"start_timestamp":"2023-01-07T10:38:16.725Z","line":7,"name":"To Validate valid credentials","description":"","id":"validate-login-functionality;to-validate-valid-credentials","type":"scenario","keyword":"Scenario","steps":[{"result":{"error_message":"org.openqa.selenium.NoSuchElementException: Unable to find element with locator By.name: username\nFor documentation on this error, please visit: https://selenium.dev/exceptions/#no_such_element\nBuild info: version: '4.5.0', revision: 'fe167b119a'\nSystem info: os.name: 'Windows 11', os.arch: 'amd64', os.version: '10.0', java.version: '17.0.4.1'\nDriver info: driver.version: RemoteWebDriver\r\n\tat org.openqa.selenium.remote.ElementLocation$ElementFinder$2.findElement(ElementLocation.java:165)\r\n\tat org.openqa.selenium.remote.ElementLocation.findElement(ElementLocation.java:66)\r\n\tat org.openqa.selenium.remote.RemoteWebDriver.findElement(RemoteWebDriver.java:365)\r\n\tat org.openqa.selenium.remote.RemoteWebDriver.findElement(RemoteWebDriver.java:357)\r\n\tat org.openqa.selenium.support.pagefactory.DefaultElementLocator.findElement(DefaultElementLocator.java:70)\r\n\tat org.openqa.selenium.support.pagefactory.internal.LocatingElementHandler.invoke(LocatingElementHandler.java:39)\r\n\tat jdk.proxy2/jdk.proxy2.$Proxy23.sendKeys(Unknown Source)\r\n\tat helper.TextBoxHelper.enterText(TextBoxHelper.java:27)\r\n\tat PageObjects.LoginPage.enterValidCredentials(LoginPage.java:39)\r\n\tat com.stepdefinition.LoginSteps.userEntersValidCredentials(LoginSteps.java:35)\r\n\tat ✽.User Enters valid Username and Password(file:///C:/LearnMore/October9AM/src/test/resources/com.featurefile/Login.feature:8)\r\n","duration":3506041600,"status":"failed"},"line":8,"name":"User Enters valid Username and Password","match":{"location":"com.stepdefinition.LoginSteps.userEntersValidCredentials()"},"after":[{"result":{"error_message":"org.openqa.selenium.NoSuchWindowException: no such window: target window already closed\nfrom unknown error: web view not found\n  (Session info: MicrosoftEdge=108.0.1462.76)\nBuild info: version: '4.5.0', revision: 'fe167b119a'\nSystem info: os.name: 'Windows 11', os.arch: 'amd64', os.version: '10.0', java.version: '17.0.4.1'\nDriver info: org.openqa.selenium.edge.EdgeDriver\nCommand: [e73c7eeaae6eaf53a1d4789a3425f449, screenshot {}]\nCapabilities {acceptInsecureCerts: false, browserName: msedge, browserVersion: 108.0.1462.76, ms:edgeOptions: {debuggerAddress: localhost:54520}, msedge: {msedgedriverVersion: 108.0.1462.42 (952d9dd5b065..., userDataDir: C:\\Users\\mahes\\AppData\\Loca...}, networkConnectionEnabled: false, pageLoadStrategy: normal, platformName: WINDOWS, proxy: Proxy(), se:cdp: ws://localhost:54520/devtoo..., se:cdpVersion: 108.0.1462.76, setWindowRect: true, strictFileInteractability: false, timeouts: {implicit: 0, pageLoad: 300000, script: 30000}, unhandledPromptBehavior: dismiss and notify, webauthn:extension:credBlob: true, webauthn:extension:largeBlob: true, webauthn:virtualAuthenticators: true}\nSession ID: e73c7eeaae6eaf53a1d4789a3425f449\r\n\tat java.base/jdk.internal.reflect.NativeConstructorAccessorImpl.newInstance0(Native Method)\r\n\tat java.base/jdk.internal.reflect.NativeConstructorAccessorImpl.newInstance(NativeConstructorAccessorImpl.java:77)\r\n\tat java.base/jdk.internal.reflect.DelegatingConstructorAccessorImpl.newInstance(DelegatingConstructorAccessorImpl.java:45)\r\n\tat java.base/java.lang.reflect.Constructor.newInstanceWithCaller(Constructor.java:499)\r\n\tat java.base/java.lang.reflect.Constructor.newInstance(Constructor.java:480)\r\n\tat org.openqa.selenium.remote.codec.w3c.W3CHttpResponseCodec.createException(W3CHttpResponseCodec.java:200)\r\n\tat org.openqa.selenium.remote.codec.w3c.W3CHttpResponseCodec.decode(W3CHttpResponseCodec.java:133)\r\n\tat org.openqa.selenium.remote.codec.w3c.W3CHttpResponseCodec.decode(W3CHttpResponseCodec.java:53)\r\n\tat org.openqa.selenium.remote.HttpCommandExecutor.execute(HttpCommandExecutor.java:184)\r\n\tat org.openqa.selenium.remote.service.DriverCommandExecutor.invokeExecute(DriverCommandExecutor.java:167)\r\n\tat org.openqa.selenium.remote.service.DriverCommandExecutor.execute(DriverCommandExecutor.java:142)\r\n\tat org.openqa.selenium.remote.RemoteWebDriver.execute(RemoteWebDriver.java:547)\r\n\tat org.openqa.selenium.remote.RemoteWebDriver.execute(RemoteWebDriver.java:602)\r\n\tat org.openqa.selenium.remote.RemoteWebDriver.execute(RemoteWebDriver.java:606)\r\n\tat org.openqa.selenium.remote.RemoteWebDriver.getScreenshotAs(RemoteWebDriver.java:331)\r\n\tat com.stepdefinition.Hooks.captureScreenshot(Hooks.java:15)\r\n","duration":21737700,"status":"failed"},"match":{"location":"com.stepdefinition.Hooks.captureScreenshot(io.cucumber.java.Scenario)"}}],"keyword":"When "},{"result":{"duration":1902300,"status":"skipped"},"line":9,"name":"User Clicks the Login Button","match":{"location":"com.stepdefinition.LoginSteps.userClicksLoginBtn()"},"after":[{"result":{"status":"skipped"},"match":{"location":"com.stepdefinition.Hooks.captureScreenshot(io.cucumber.java.Scenario)"}}],"keyword":"And "},{"result":{"duration":427000,"status":"skipped"},"line":10,"name":"Validate System navigates to Home Page","match":{"location":"com.stepdefinition.LoginSteps.navigatesToHomePage()"},"after":[{"result":{"duration":501600,"status":"skipped"},"match":{"location":"com.stepdefinition.Hooks.captureScreenshot(io.cucumber.java.Scenario)"}}],"keyword":"Then "}],"tags":[{"name":"@login"}]},{"line":3,"name":"","description":"","type":"background","keyword":"Background","steps":[{"result":{"duration":6539732800,"status":"passed"},"line":4,"name":"User Navigates to Required Url","match":{"location":"com.stepdefinition.LoginSteps.navigatesToUrl()"},"after":[{"result":{"status":"passed"},"match":{"location":"com.stepdefinition.Hooks.captureScreenshot(io.cucumber.java.Scenario)"}}],"keyword":"Given "}]},{"start_timestamp":"2023-01-07T10:38:28.033Z","line":13,"name":"To Validate valid credentials","description":"","id":"validate-login-functionality;to-validate-valid-credentials","type":"scenario","keyword":"Scenario","steps":[{"result":{"error_message":"org.openqa.selenium.NoSuchElementException: Unable to find element with locator By.name: username\nFor documentation on this error, please visit: https://selenium.dev/exceptions/#no_such_element\nBuild info: version: '4.5.0', revision: 'fe167b119a'\nSystem info: os.name: 'Windows 11', os.arch: 'amd64', os.version: '10.0', java.version: '17.0.4.1'\nDriver info: driver.version: RemoteWebDriver\r\n\tat org.openqa.selenium.remote.ElementLocation$ElementFinder$2.findElement(ElementLocation.java:165)\r\n\tat org.openqa.selenium.remote.ElementLocation.findElement(ElementLocation.java:66)\r\n\tat org.openqa.selenium.remote.RemoteWebDriver.findElement(RemoteWebDriver.java:365)\r\n\tat org.openqa.selenium.remote.RemoteWebDriver.findElement(RemoteWebDriver.java:357)\r\n\tat org.openqa.selenium.support.pagefactory.DefaultElementLocator.findElement(DefaultElementLocator.java:70)\r\n\tat org.openqa.selenium.support.pagefactory.internal.LocatingElementHandler.invoke(LocatingElementHandler.java:39)\r\n\tat jdk.proxy2/jdk.proxy2.$Proxy23.sendKeys(Unknown Source)\r\n\tat helper.TextBoxHelper.enterText(TextBoxHelper.java:27)\r\n\tat PageObjects.LoginPage.enterValidCredentials(LoginPage.java:39)\r\n\tat com.stepdefinition.LoginSteps.userEntersValidCredentials(LoginSteps.java:35)\r\n\tat ✽.User Enters valid Username and Password(file:///C:/LearnMore/October9AM/src/test/resources/com.featurefile/Login.feature:14)\r\n","duration":1402663400,"status":"failed"},"line":14,"name":"User Enters valid Username and Password","match":{"location":"com.stepdefinition.LoginSteps.userEntersValidCredentials()"},"after":[{"result":{"error_message":"org.openqa.selenium.NoSuchWindowException: no such window: target window already closed\nfrom unknown error: web view not found\n  (Session info: MicrosoftEdge=108.0.1462.76)\nBuild info: version: '4.5.0', revision: 'fe167b119a'\nSystem info: os.name: 'Windows 11', os.arch: 'amd64', os.version: '10.0', java.version: '17.0.4.1'\nDriver info: org.openqa.selenium.edge.EdgeDriver\nCommand: [eab73f3942f4229f96b0f2b54036bf41, screenshot {}]\nCapabilities {acceptInsecureCerts: false, browserName: msedge, browserVersion: 108.0.1462.76, ms:edgeOptions: {debuggerAddress: localhost:54582}, msedge: {msedgedriverVersion: 108.0.1462.42 (952d9dd5b065..., userDataDir: C:\\Users\\mahes\\AppData\\Loca...}, networkConnectionEnabled: false, pageLoadStrategy: normal, platformName: WINDOWS, proxy: Proxy(), se:cdp: ws://localhost:54582/devtoo..., se:cdpVersion: 108.0.1462.76, setWindowRect: true, strictFileInteractability: false, timeouts: {implicit: 0, pageLoad: 300000, script: 30000}, unhandledPromptBehavior: dismiss and notify, webauthn:extension:credBlob: true, webauthn:extension:largeBlob: true, webauthn:virtualAuthenticators: true}\nSession ID: eab73f3942f4229f96b0f2b54036bf41\r\n\tat java.base/jdk.internal.reflect.NativeConstructorAccessorImpl.newInstance0(Native Method)\r\n\tat java.base/jdk.internal.reflect.NativeConstructorAccessorImpl.newInstance(NativeConstructorAccessorImpl.java:77)\r\n\tat java.base/jdk.internal.reflect.DelegatingConstructorAccessorImpl.newInstance(DelegatingConstructorAccessorImpl.java:45)\r\n\tat java.base/java.lang.reflect.Constructor.newInstanceWithCaller(Constructor.java:499)\r\n\tat java.base/java.lang.reflect.Constructor.newInstance(Constructor.java:480)\r\n\tat org.openqa.selenium.remote.codec.w3c.W3CHttpResponseCodec.createException(W3CHttpResponseCodec.java:200)\r\n\tat org.openqa.selenium.remote.codec.w3c.W3CHttpResponseCodec.decode(W3CHttpResponseCodec.java:133)\r\n\tat org.openqa.selenium.remote.codec.w3c.W3CHttpResponseCodec.decode(W3CHttpResponseCodec.java:53)\r\n\tat org.openqa.selenium.remote.HttpCommandExecutor.execute(HttpCommandExecutor.java:184)\r\n\tat org.openqa.selenium.remote.service.DriverCommandExecutor.invokeExecute(DriverCommandExecutor.java:167)\r\n\tat org.openqa.selenium.remote.service.DriverCommandExecutor.execute(DriverCommandExecutor.java:142)\r\n\tat org.openqa.selenium.remote.RemoteWebDriver.execute(RemoteWebDriver.java:547)\r\n\tat org.openqa.selenium.remote.RemoteWebDriver.execute(RemoteWebDriver.java:602)\r\n\tat org.openqa.selenium.remote.RemoteWebDriver.execute(RemoteWebDriver.java:606)\r\n\tat org.openqa.selenium.remote.RemoteWebDriver.getScreenshotAs(RemoteWebDriver.java:331)\r\n\tat com.stepdefinition.Hooks.captureScreenshot(Hooks.java:15)\r\n","duration":7310200,"status":"failed"},"match":{"location":"com.stepdefinition.Hooks.captureScreenshot(io.cucumber.java.Scenario)"}}],"keyword":"When "},{"result":{"status":"skipped"},"line":15,"name":"User Clicks the Login Button","match":{"location":"com.stepdefinition.LoginSteps.userClicksLoginBtn()"},"after":[{"result":{"status":"skipped"},"match":{"location":"com.stepdefinition.Hooks.captureScreenshot(io.cucumber.java.Scenario)"}}],"keyword":"And "},{"result":{"status":"skipped"},"line":16,"name":"Validate System navigates to Home Page","match":{"location":"com.stepdefinition.LoginSteps.navigatesToHomePage()"},"after":[{"result":{"status":"skipped"},"match":{"location":"com.stepdefinition.Hooks.captureScreenshot(io.cucumber.java.Scenario)"}}],"keyword":"Then "}],"tags":[{"name":"@login"}]}],"name":"Validate Login Functionality","description":"","id":"validate-login-functionality","keyword":"Feature","uri":"file:src/test/resources/com.featurefile/Login.feature","tags":[]}]